Using pre-set license
Built from '2021.3/staging' branch; Version is '2021.3.11f1 (0a5ca18544bf) revision 679073'; Using compiler version '192829333'; Build Type 'Release'
OS: 'Windows 11  (10.0.22621) 64bit Core' Language: 'en' Physical Memory: 40697 MB
BatchMode: 1, IsHumanControllingUs: 0, StartBugReporterOnCrash: 0, Is64bit: 1, IsPro: 1

COMMAND LINE ARGUMENTS:
C:\Program Files\Unity\Hub\Editor\2021.3.11f1\Editor\Unity.exe
-adb2
-batchMode
-noUpm
-name
AssetImportWorker2
-projectPath
C:/Users/gabri/Test XR
-logFile
Logs/AssetImportWorker2.log
-srvPort
63032
Successfully changed project path to: C:/Users/gabri/Test XR
C:/Users/gabri/Test XR
[UnityMemory] Configuration Parameters - Can be set up in boot.config
    "memorysetup-bucket-allocator-granularity=16"
    "memorysetup-bucket-allocator-bucket-count=8"
    "memorysetup-bucket-allocator-block-size=33554432"
    "memorysetup-bucket-allocator-block-count=8"
    "memorysetup-main-allocator-block-size=16777216"
    "memorysetup-thread-allocator-block-size=16777216"
    "memorysetup-gfx-main-allocator-block-size=16777216"
    "memorysetup-gfx-thread-allocator-block-size=16777216"
    "memorysetup-cache-allocator-block-size=4194304"
    "memorysetup-typetree-allocator-block-size=2097152"
    "memorysetup-profiler-bucket-allocator-granularity=16"
    "memorysetup-profiler-bucket-allocator-bucket-count=8"
    "memorysetup-profiler-bucket-allocator-block-size=33554432"
    "memorysetup-profiler-bucket-allocator-block-count=8"
    "memorysetup-profiler-allocator-block-size=16777216"
    "memorysetup-profiler-editor-allocator-block-size=1048576"
    "memorysetup-temp-allocator-size-main=16777216"
    "memorysetup-job-temp-allocator-block-size=2097152"
    "memorysetup-job-temp-allocator-block-size-background=1048576"
    "memorysetup-job-temp-allocator-reduction-small-platforms=262144"
    "memorysetup-temp-allocator-size-background-worker=32768"
    "memorysetup-temp-allocator-size-job-worker=262144"
    "memorysetup-temp-allocator-size-preload-manager=33554432"
    "memorysetup-temp-allocator-size-nav-mesh-worker=65536"
    "memorysetup-temp-allocator-size-audio-worker=65536"
    "memorysetup-temp-allocator-size-cloud-worker=32768"
    "memorysetup-temp-allocator-size-gi-baking-worker=262144"
    "memorysetup-temp-allocator-size-gfx=262144"
Refreshing native plugins compatible for Editor in 138.42 ms, found 3 plugins.
Preloading 0 native plugins for Editor in 0.00 ms.
Initialize engine version: 2021.3.11f1 (0a5ca18544bf)
[Subsystems] Discovering subsystems at path C:/Program Files/Unity/Hub/Editor/2021.3.11f1/Editor/Data/Resources/UnitySubsystems
[Subsystems] Discovering subsystems at path C:/Users/gabri/Test XR/Assets
GfxDevice: creating device client; threaded=0; jobified=0
Direct3D:
    Version:  Direct3D 11.0 [level 11.1]
    Renderer: NVIDIA GeForce RTX 3050 Ti Laptop GPU (ID=0x25a0)
    Vendor:   NVIDIA
    VRAM:     3990 MB
    Driver:   27.21.14.6235
Initialize mono
Mono path[0] = 'C:/Program Files/Unity/Hub/Editor/2021.3.11f1/Editor/Data/Managed'
Mono path[1] = 'C:/Program Files/Unity/Hub/Editor/2021.3.11f1/Editor/Data/MonoBleedingEdge/lib/mono/unityjit-win32'
Mono config path = 'C:/Program Files/Unity/Hub/Editor/2021.3.11f1/Editor/Data/MonoBleedingEdge/etc'
Using monoOptions --debugger-agent=transport=dt_socket,embedding=1,server=y,suspend=n,address=127.0.0.1:56096
Begin MonoManager ReloadAssembly
Registering precompiled unity dll's ...
Register platform support module: C:/Program Files/Unity/Hub/Editor/2021.3.11f1/Editor/Data/PlaybackEngines/WebGLSupport/UnityEditor.WebGL.Extensions.dll
Register platform support module: C:/Program Files/Unity/Hub/Editor/2021.3.11f1/Editor/Data/PlaybackEngines/WindowsStandaloneSupport/UnityEditor.WindowsStandalone.Extensions.dll
Registered in 0.006860 seconds.
Native extension for WindowsStandalone target not found
Native extension for WebGL target not found
Refreshing native plugins compatible for Editor in 116.78 ms, found 3 plugins.
Preloading 0 native plugins for Editor in 0.00 ms.
Mono: successfully reloaded assembly
- Completed reload, in  0.829 seconds
Domain Reload Profiling:
	ReloadAssembly (831ms)
		BeginReloadAssembly (99ms)
			ExecutionOrderSort (0ms)
			DisableScriptedObjects (0ms)
			BackupInstance (0ms)
			ReleaseScriptingObjects (0ms)
			CreateAndSetChildDomain (1ms)
		EndReloadAssembly (590ms)
			LoadAssemblies (95ms)
			RebuildTransferFunctionScriptingTraits (0ms)
			SetupTypeCache (139ms)
			ReleaseScriptCaches (0ms)
			RebuildScriptCaches (35ms)
			SetupLoadedEditorAssemblies (348ms)
				LogAssemblyErrors (0ms)
				InitializePlatformSupportModulesInManaged (9ms)
				SetLoadedEditorAssemblies (0ms)
				RefreshPlugins (117ms)
				BeforeProcessingInitializeOnLoad (2ms)
				ProcessInitializeOnLoadAttributes (171ms)
				ProcessInitializeOnLoadMethodAttributes (49ms)
				AfterProcessingInitializeOnLoad (0ms)
				EditorAssembliesLoaded (0ms)
			ExecutionOrderSort2 (0ms)
			AwakeInstancesAfterBackupRestoration (0ms)
Platform modules already initialized, skipping
Registering precompiled user dll's ...
Registered in 0.008159 seconds.
Begin MonoManager ReloadAssembly
Symbol file LoadedFromMemory doesn't match image C:\Users\gabri\Test XR\Library\PackageCache\com.unity.visualscripting@1.7.8\Editor\VisualScripting.Core\Dependencies\YamlDotNet\Unity.VisualScripting.YamlDotNet.dll
Symbol file LoadedFromMemory doesn't match image C:\Users\gabri\Test XR\Library\PackageCache\com.unity.visualscripting@1.7.8\Editor\VisualScripting.Core\Dependencies\DotNetZip\Unity.VisualScripting.IonicZip.dll
Native extension for WindowsStandalone target not found
Native extension for WebGL target not found
Refreshing native plugins compatible for Editor in 0.59 ms, found 3 plugins.
Preloading 0 native plugins for Editor in 0.00 ms.
Mono: successfully reloaded assembly
- Completed reload, in  1.280 seconds
Domain Reload Profiling:
	ReloadAssembly (1281ms)
		BeginReloadAssembly (145ms)
			ExecutionOrderSort (0ms)
			DisableScriptedObjects (5ms)
			BackupInstance (0ms)
			ReleaseScriptingObjects (0ms)
			CreateAndSetChildDomain (26ms)
		EndReloadAssembly (985ms)
			LoadAssemblies (126ms)
			RebuildTransferFunctionScriptingTraits (0ms)
			SetupTypeCache (335ms)
			ReleaseScriptCaches (1ms)
			RebuildScriptCaches (63ms)
			SetupLoadedEditorAssemblies (427ms)
				LogAssemblyErrors (0ms)
				InitializePlatformSupportModulesInManaged (8ms)
				SetLoadedEditorAssemblies (1ms)
				RefreshPlugins (1ms)
				BeforeProcessingInitializeOnLoad (99ms)
				ProcessInitializeOnLoadAttributes (281ms)
				ProcessInitializeOnLoadMethodAttributes (30ms)
				AfterProcessingInitializeOnLoad (7ms)
				EditorAssembliesLoaded (0ms)
			ExecutionOrderSort2 (0ms)
			AwakeInstancesAfterBackupRestoration (6ms)
Platform modules already initialized, skipping
========================================================================
Worker process is ready to serve import requests
Launched and connected shader compiler UnityShaderCompiler.exe after 0.06 seconds
Refreshing native plugins compatible for Editor in 1.02 ms, found 3 plugins.
Preloading 0 native plugins for Editor in 0.00 ms.
Unloading 3380 Unused Serialized files (Serialized files now loaded: 0)
Unloading 27 unused Assets / (113.4 KB). Loaded Objects now: 3837.
Memory consumption went from 116.2 MB to 116.1 MB.
Total: 3.717500 ms (FindLiveObjects: 0.432000 ms CreateObjectMapping: 0.123800 ms MarkObjects: 3.010400 ms  DeleteObjects: 0.136600 ms)

AssetImportParameters requested are different than current active one (requested -> active):
  custom:video-decoder-ogg-theora: a1e56fd34408186e4bbccfd4996cb3dc -> 
  custom:container-muxer-webm: aa71ff27fc2769a1b78a27578f13a17b -> 
  custom:container-demuxer-webm: 4f35f7cbe854078d1ac9338744f61a02 -> 
  custom:video-encoder-webm-vp8: eb34c28f22e8b96e1ab97ce403110664 -> 
  custom:video-codec-MediaFoundation-h265: 746d11721c4dcdbdad8f713fa42b33f4 -> 
  custom:audio-encoder-webm-vorbis: bf7c407c2cedff20999df2af8eb42d56 -> 
  custom:framework-win-MediaFoundation: 216162199b28c13a410421893ffa2e32 -> 
  custom:container-demuxer-ogg: 62fdf1f143b41e24485cea50d1cbac27 -> 
  custom:video-decoder-webm-vp8: 9c59270c3fd7afecdb556c50c9e8de78 -> 
  custom:audio-decoder-ogg-vorbis: bf7c407c2cedff20999df2af8eb42d56 -> 
========================================================================
Received Import Request.
  Time since last request: 253764.403424 seconds.
  path: Assets/Test_XR.fbx
  artifactKey: Guid(dfb197708ea1df44aaab400b528b00cb) Importer(815301076,1909f56bfc062723c751e8b465ee728b)
Start importing Assets/Test_XR.fbx using Guid(dfb197708ea1df44aaab400b528b00cb) Importer(815301076,1909f56bfc062723c751e8b465ee728b)  -> (artifact id: 'a6d03e18c9249ba99bca8b162e264909') in 0.738054 seconds 
========================================================================
Received Prepare
Registering precompiled user dll's ...
Registered in 0.007688 seconds.
Begin MonoManager ReloadAssembly
Symbol file LoadedFromMemory doesn't match image C:\Users\gabri\Test XR\Library\PackageCache\com.unity.visualscripting@1.7.8\Editor\VisualScripting.Core\Dependencies\YamlDotNet\Unity.VisualScripting.YamlDotNet.dll
Symbol file LoadedFromMemory doesn't match image C:\Users\gabri\Test XR\Library\PackageCache\com.unity.visualscripting@1.7.8\Editor\VisualScripting.Core\Dependencies\DotNetZip\Unity.VisualScripting.IonicZip.dll
Native extension for WindowsStandalone target not found
Native extension for WebGL target not found
Refreshing native plugins compatible for Editor in 0.74 ms, found 3 plugins.
Preloading 0 native plugins for Editor in 0.00 ms.
Mono: successfully reloaded assembly
- Completed reload, in  1.441 seconds
Domain Reload Profiling:
	ReloadAssembly (1442ms)
		BeginReloadAssembly (179ms)
			ExecutionOrderSort (0ms)
			DisableScriptedObjects (7ms)
			BackupInstance (0ms)
			ReleaseScriptingObjects (0ms)
			CreateAndSetChildDomain (55ms)
		EndReloadAssembly (1128ms)
			LoadAssemblies (115ms)
			RebuildTransferFunctionScriptingTraits (0ms)
			SetupTypeCache (408ms)
			ReleaseScriptCaches (2ms)
			RebuildScriptCaches (64ms)
			SetupLoadedEditorAssemblies (483ms)
				LogAssemblyErrors (0ms)
				InitializePlatformSupportModulesInManaged (21ms)
				SetLoadedEditorAssemblies (1ms)
				RefreshPlugins (1ms)
				BeforeProcessingInitializeOnLoad (104ms)
				ProcessInitializeOnLoadAttributes (304ms)
				ProcessInitializeOnLoadMethodAttributes (40ms)
				AfterProcessingInitializeOnLoad (12ms)
				EditorAssembliesLoaded (0ms)
			ExecutionOrderSort2 (0ms)
			AwakeInstancesAfterBackupRestoration (11ms)
Platform modules already initialized, skipping
Refreshing native plugins compatible for Editor in 2.13 ms, found 3 plugins.
Preloading 0 native plugins for Editor in 0.00 ms.
Unloading 3375 Unused Serialized files (Serialized files now loaded: 0)
Unloading 20 unused Assets / (79.7 KB). Loaded Objects now: 3853.
Memory consumption went from 133.4 MB to 133.4 MB.
Total: 5.611000 ms (FindLiveObjects: 0.436900 ms CreateObjectMapping: 0.238500 ms MarkObjects: 4.746200 ms  DeleteObjects: 0.187300 ms)

AssetImportParameters requested are different than current active one (requested -> active):
  custom:video-decoder-ogg-theora: a1e56fd34408186e4bbccfd4996cb3dc -> 
  custom:container-muxer-webm: aa71ff27fc2769a1b78a27578f13a17b -> 
  custom:container-demuxer-webm: 4f35f7cbe854078d1ac9338744f61a02 -> 
  custom:video-encoder-webm-vp8: eb34c28f22e8b96e1ab97ce403110664 -> 
  custom:video-codec-MediaFoundation-h265: 746d11721c4dcdbdad8f713fa42b33f4 -> 
  custom:audio-encoder-webm-vorbis: bf7c407c2cedff20999df2af8eb42d56 -> 
  custom:framework-win-MediaFoundation: 216162199b28c13a410421893ffa2e32 -> 
  custom:container-demuxer-ogg: 62fdf1f143b41e24485cea50d1cbac27 -> 
  custom:video-decoder-webm-vp8: 9c59270c3fd7afecdb556c50c9e8de78 -> 
  custom:audio-decoder-ogg-vorbis: bf7c407c2cedff20999df2af8eb42d56 -> 
========================================================================
Received Import Request.
  Time since last request: 336.782144 seconds.
  path: Assets/Test_XR.fbx
  artifactKey: Guid(dfb197708ea1df44aaab400b528b00cb) Importer(815301076,1909f56bfc062723c751e8b465ee728b)
Start importing Assets/Test_XR.fbx using Guid(dfb197708ea1df44aaab400b528b00cb) Importer(815301076,1909f56bfc062723c751e8b465ee728b)  -> (artifact id: '0366b3db8bf3bfe8b0285c863811a32b') in 0.701643 seconds 
========================================================================
Received Import Request.
  Time since last request: 3.566795 seconds.
  path: Assets/Test_XR.fbx
  artifactKey: Guid(dfb197708ea1df44aaab400b528b00cb) Importer(815301076,1909f56bfc062723c751e8b465ee728b)
Start importing Assets/Test_XR.fbx using Guid(dfb197708ea1df44aaab400b528b00cb) Importer(815301076,1909f56bfc062723c751e8b465ee728b)  -> (artifact id: '46f84d57cad6d9a8cb86476aacbf1ac5') in 0.618791 seconds 
========================================================================
Received Import Request.
  Time since last request: 11.409376 seconds.
  path: Assets/Test_XR.fbx
  artifactKey: Guid(dfb197708ea1df44aaab400b528b00cb) Importer(815301076,1909f56bfc062723c751e8b465ee728b)
Start importing Assets/Test_XR.fbx using Guid(dfb197708ea1df44aaab400b528b00cb) Importer(815301076,1909f56bfc062723c751e8b465ee728b)  -> (artifact id: '45c850d710bc29822fa360e617fc060d') in 0.585181 seconds 
========================================================================
Received Import Request.
  Time since last request: 2.973310 seconds.
  path: Assets/Test_XR.fbx
  artifactKey: Guid(dfb197708ea1df44aaab400b528b00cb) Importer(815301076,1909f56bfc062723c751e8b465ee728b)
Start importing Assets/Test_XR.fbx using Guid(dfb197708ea1df44aaab400b528b00cb) Importer(815301076,1909f56bfc062723c751e8b465ee728b)  -> (artifact id: 'f9ab7efa862c11c5b82b8c00c229f784') in 0.575793 seconds 
========================================================================
Received Import Request.
  Time since last request: 1.548155 seconds.
  path: Assets/Test_XR.fbx
  artifactKey: Guid(dfb197708ea1df44aaab400b528b00cb) Importer(815301076,1909f56bfc062723c751e8b465ee728b)
Start importing Assets/Test_XR.fbx using Guid(dfb197708ea1df44aaab400b528b00cb) Importer(815301076,1909f56bfc062723c751e8b465ee728b)  -> (artifact id: 'ec2fa3b8c659d87a37c432ac7acf79f1') in 0.588739 seconds 
========================================================================
Received Import Request.
  Time since last request: 3.250801 seconds.
  path: Assets/Test_XR.fbx
  artifactKey: Guid(dfb197708ea1df44aaab400b528b00cb) Importer(815301076,1909f56bfc062723c751e8b465ee728b)
Start importing Assets/Test_XR.fbx using Guid(dfb197708ea1df44aaab400b528b00cb) Importer(815301076,1909f56bfc062723c751e8b465ee728b)  -> (artifact id: 'c737323dc0c9422916a2b0eece894eb4') in 0.603099 seconds 
========================================================================
Received Import Request.
  Time since last request: 3.215981 seconds.
  path: Assets/Test_XR.fbx
  artifactKey: Guid(dfb197708ea1df44aaab400b528b00cb) Importer(815301076,1909f56bfc062723c751e8b465ee728b)
Start importing Assets/Test_XR.fbx using Guid(dfb197708ea1df44aaab400b528b00cb) Importer(815301076,1909f56bfc062723c751e8b465ee728b)  -> (artifact id: '9343e7dc96756878734ee03add42da50') in 0.623517 seconds 
========================================================================
Received Import Request.
  Time since last request: 375.464803 seconds.
  path: Assets/Brutus@Sitting Idle.fbx
  artifactKey: Guid(6d30aaf02319170408ad87c00b7e13c6) Importer(815301076,1909f56bfc062723c751e8b465ee728b)
Start importing Assets/Brutus@Sitting Idle.fbx using Guid(6d30aaf02319170408ad87c00b7e13c6) Importer(815301076,1909f56bfc062723c751e8b465ee728b)  -> (artifact id: 'ff9e0394216f857e155d6640171fdff0') in 0.177243 seconds 
========================================================================
Received Import Request.
  Time since last request: 130.300137 seconds.
  path: Assets/Brutus.obj
  artifactKey: Guid(f7f818a520ce9a543a0dd474a38f3405) Importer(815301076,1909f56bfc062723c751e8b465ee728b)
Start importing Assets/Brutus.obj using Guid(f7f818a520ce9a543a0dd474a38f3405) Importer(815301076,1909f56bfc062723c751e8b465ee728b)  -> (artifact id: '838c19b39559f3847c57c0d926a4e08e') in 0.126895 seconds 
========================================================================
Received Import Request.
  Time since last request: 30.912959 seconds.
  path: Assets/Brutus 1.obj
  artifactKey: Guid(a2575b6aa9df4bc4b89979bdb7ff83bc) Importer(815301076,1909f56bfc062723c751e8b465ee728b)
Start importing Assets/Brutus 1.obj using Guid(a2575b6aa9df4bc4b89979bdb7ff83bc) Importer(815301076,1909f56bfc062723c751e8b465ee728b)  -> (artifact id: '397725430fe9be2cff73de2bb200740a') in 0.179900 seconds 
========================================================================
Received Import Request.
  Time since last request: 0.000125 seconds.
  path: Assets/Brutus_Top_specular.png
  artifactKey: Guid(ea5a4463e6b2fd84b8b37a329f71bd21) Importer(815301076,1909f56bfc062723c751e8b465ee728b)
Start importing Assets/Brutus_Top_specular.png using Guid(ea5a4463e6b2fd84b8b37a329f71bd21) Importer(815301076,1909f56bfc062723c751e8b465ee728b)  -> (artifact id: '04a5ee5162ac82175eabeb039a625bdc') in 0.064439 seconds 
========================================================================
Received Import Request.
  Time since last request: 0.000046 seconds.
  path: Assets/Brutus_Bottom_specular.png
  artifactKey: Guid(077e759505080ef46ab6e17055f85097) Importer(815301076,1909f56bfc062723c751e8b465ee728b)
Start importing Assets/Brutus_Bottom_specular.png using Guid(077e759505080ef46ab6e17055f85097) Importer(815301076,1909f56bfc062723c751e8b465ee728b)  -> (artifact id: '53bf554f35624bb4efee6800450bdf2f') in 0.014791 seconds 
========================================================================
Received Import Request.
  Time since last request: 0.000029 seconds.
  path: Assets/Brutus_Shoes_gloss.png
  artifactKey: Guid(c47158f6600046140931d3b007d293e8) Importer(815301076,1909f56bfc062723c751e8b465ee728b)
Start importing Assets/Brutus_Shoes_gloss.png using Guid(c47158f6600046140931d3b007d293e8) Importer(815301076,1909f56bfc062723c751e8b465ee728b)  -> (artifact id: 'a7ddbc13423758ec6de1e867e7d947c2') in 0.013147 seconds 
========================================================================
Received Import Request.
  Time since last request: 0.000028 seconds.
  path: Assets/Brutus_Top_diffuse.png
  artifactKey: Guid(5aaca214148d7384abccf4eca1d45426) Importer(815301076,1909f56bfc062723c751e8b465ee728b)
Start importing Assets/Brutus_Top_diffuse.png using Guid(5aaca214148d7384abccf4eca1d45426) Importer(815301076,1909f56bfc062723c751e8b465ee728b)  -> (artifact id: '34d254c8d7b36d8b205f69631e76d288') in 0.016053 seconds 
========================================================================
Received Import Request.
  Time since last request: 0.000047 seconds.
  path: Assets/Brutus_Body_gloss.png
  artifactKey: Guid(af65ab7016897e44587fa89867a68227) Importer(815301076,1909f56bfc062723c751e8b465ee728b)
Start importing Assets/Brutus_Body_gloss.png using Guid(af65ab7016897e44587fa89867a68227) Importer(815301076,1909f56bfc062723c751e8b465ee728b)  -> (artifact id: '7439649fd3434dbfb6b39a8c049ebe9b') in 0.015355 seconds 
========================================================================
Received Import Request.
  Time since last request: 0.000028 seconds.
  path: Assets/Brutus_Body_specular.png
  artifactKey: Guid(d486640bda65beb45aaa868e6c8fdc8b) Importer(815301076,1909f56bfc062723c751e8b465ee728b)
Start importing Assets/Brutus_Body_specular.png using Guid(d486640bda65beb45aaa868e6c8fdc8b) Importer(815301076,1909f56bfc062723c751e8b465ee728b)  -> (artifact id: 'c67a2bde98aaf1440c7f88feef63595e') in 0.016756 seconds 
========================================================================
Received Import Request.
  Time since last request: 0.000041 seconds.
  path: Assets/Brutus_Top_gloss.png
  artifactKey: Guid(69a0a591fd896344b8180c384698b08a) Importer(815301076,1909f56bfc062723c751e8b465ee728b)
Start importing Assets/Brutus_Top_gloss.png using Guid(69a0a591fd896344b8180c384698b08a) Importer(815301076,1909f56bfc062723c751e8b465ee728b)  -> (artifact id: '41166558cb551bff0181c79025b650ea') in 0.012178 seconds 
========================================================================
Received Import Request.
  Time since last request: 0.000034 seconds.
  path: Assets/Brutus_Shoes_diffuse.png
  artifactKey: Guid(6ff2012cf511626489618b02a4e9739f) Importer(815301076,1909f56bfc062723c751e8b465ee728b)
Start importing Assets/Brutus_Shoes_diffuse.png using Guid(6ff2012cf511626489618b02a4e9739f) Importer(815301076,1909f56bfc062723c751e8b465ee728b)  -> (artifact id: '6402b16a2ceaee6c2ee61d9fe5fefacf') in 0.014409 seconds 
========================================================================
Received Import Request.
  Time since last request: 0.000029 seconds.
  path: Assets/Brutus_Bottom_normal.png
  artifactKey: Guid(6aace635ff771f94f9ce45daa0471470) Importer(815301076,1909f56bfc062723c751e8b465ee728b)
Start importing Assets/Brutus_Bottom_normal.png using Guid(6aace635ff771f94f9ce45daa0471470) Importer(815301076,1909f56bfc062723c751e8b465ee728b)  -> (artifact id: 'bc0ae5d322d4a168a0cfe958483cc84f') in 0.025665 seconds 
========================================================================
Received Import Request.
  Time since last request: 0.000028 seconds.
  path: Assets/Brutus_Body_normal.png
  artifactKey: Guid(1960686fe24c92346a63aef4875243d8) Importer(815301076,1909f56bfc062723c751e8b465ee728b)
Start importing Assets/Brutus_Body_normal.png using Guid(1960686fe24c92346a63aef4875243d8) Importer(815301076,1909f56bfc062723c751e8b465ee728b)  -> (artifact id: 'a0db57cf0f1e3609bec83753893ea677') in 0.015776 seconds 
========================================================================
Received Import Request.
  Time since last request: 0.000029 seconds.
  path: Assets/Brutus_Top_normal.png
  artifactKey: Guid(6ed287631bf06a343b817d80c789b106) Importer(815301076,1909f56bfc062723c751e8b465ee728b)
Start importing Assets/Brutus_Top_normal.png using Guid(6ed287631bf06a343b817d80c789b106) Importer(815301076,1909f56bfc062723c751e8b465ee728b)  -> (artifact id: '88970e8738bc17332bfb1774dbd44d08') in 0.023097 seconds 
========================================================================
Received Import Request.
  Time since last request: 0.000055 seconds.
  path: Assets/Brutus_Shoes_specular.png
  artifactKey: Guid(f9d4fdb7c0413614bac4d7fdad0c3582) Importer(815301076,1909f56bfc062723c751e8b465ee728b)
Start importing Assets/Brutus_Shoes_specular.png using Guid(f9d4fdb7c0413614bac4d7fdad0c3582) Importer(815301076,1909f56bfc062723c751e8b465ee728b)  -> (artifact id: 'def3c083d19fe9778278f9211a517551') in 0.016436 seconds 
========================================================================
Received Import Request.
  Time since last request: 0.000032 seconds.
  path: Assets/Brutus_Bottom_diffuse.png
  artifactKey: Guid(6c3019bb45c507341a883bee8953c95f) Importer(815301076,1909f56bfc062723c751e8b465ee728b)
Start importing Assets/Brutus_Bottom_diffuse.png using Guid(6c3019bb45c507341a883bee8953c95f) Importer(815301076,1909f56bfc062723c751e8b465ee728b)  -> (artifact id: 'c5f76d0968d8582282793b0f9011e13b') in 0.015960 seconds 
========================================================================
Received Import Request.
  Time since last request: 0.000035 seconds.
  path: Assets/Brutus_Bottom_gloss.png
  artifactKey: Guid(7998e0963aa29504eb07cc5488a17da8) Importer(815301076,1909f56bfc062723c751e8b465ee728b)
Start importing Assets/Brutus_Bottom_gloss.png using Guid(7998e0963aa29504eb07cc5488a17da8) Importer(815301076,1909f56bfc062723c751e8b465ee728b)  -> (artifact id: '7a136cbc73244efff8e94fad69ef3ffa') in 0.012016 seconds 
========================================================================
Received Import Request.
  Time since last request: 0.000026 seconds.
  path: Assets/Brutus_Body_diffuse.png
  artifactKey: Guid(2da245c792324c64ba5a831a3a33287c) Importer(815301076,1909f56bfc062723c751e8b465ee728b)
Start importing Assets/Brutus_Body_diffuse.png using Guid(2da245c792324c64ba5a831a3a33287c) Importer(815301076,1909f56bfc062723c751e8b465ee728b)  -> (artifact id: 'acf7f571845b4761a89b9df238ed6942') in 0.015713 seconds 
========================================================================
Received Import Request.
  Time since last request: 0.000041 seconds.
  path: Assets/Brutus_Shoes_normal.png
  artifactKey: Guid(e71d5fec8c5586c4d8c10955d610bb5d) Importer(815301076,1909f56bfc062723c751e8b465ee728b)
Start importing Assets/Brutus_Shoes_normal.png using Guid(e71d5fec8c5586c4d8c10955d610bb5d) Importer(815301076,1909f56bfc062723c751e8b465ee728b)  -> (artifact id: '124de441603214cfb40da9fa7f1fce44') in 0.013682 seconds 
========================================================================
Received Import Request.
  Time since last request: 5.941586 seconds.
  path: Assets/Brutus.zip
  artifactKey: Guid(fddb1ee88cad2dc43ab574b10368333e) Importer(815301076,1909f56bfc062723c751e8b465ee728b)
Start importing Assets/Brutus.zip using Guid(fddb1ee88cad2dc43ab574b10368333e) Importer(815301076,1909f56bfc062723c751e8b465ee728b)  -> (artifact id: 'e10d52ee29d63ea39da76769e5ecc6ce') in 0.008911 seconds 
========================================================================
Received Import Request.
  Time since last request: 11.117607 seconds.
  path: Assets/Brutus 1.obj
  artifactKey: Guid(a2575b6aa9df4bc4b89979bdb7ff83bc) Importer(815301076,1909f56bfc062723c751e8b465ee728b)
Start importing Assets/Brutus 1.obj using Guid(a2575b6aa9df4bc4b89979bdb7ff83bc) Importer(815301076,1909f56bfc062723c751e8b465ee728b)  -> (artifact id: '76d4f4a8a41ea35ace3d20ba34f7692b') in 0.167988 seconds 
========================================================================
Received Prepare
Registering precompiled user dll's ...
Registered in 0.011404 seconds.
Begin MonoManager ReloadAssembly
Symbol file LoadedFromMemory doesn't match image C:\Users\gabri\Test XR\Library\PackageCache\com.unity.visualscripting@1.7.8\Editor\VisualScripting.Core\Dependencies\YamlDotNet\Unity.VisualScripting.YamlDotNet.dll
Symbol file LoadedFromMemory doesn't match image C:\Users\gabri\Test XR\Library\PackageCache\com.unity.visualscripting@1.7.8\Editor\VisualScripting.Core\Dependencies\DotNetZip\Unity.VisualScripting.IonicZip.dll
Native extension for WindowsStandalone target not found
Native extension for WebGL target not found
Refreshing native plugins compatible for Editor in 0.75 ms, found 3 plugins.
Preloading 0 native plugins for Editor in 0.00 ms.
Mono: successfully reloaded assembly
- Completed reload, in  1.328 seconds
Domain Reload Profiling:
	ReloadAssembly (1329ms)
		BeginReloadAssembly (181ms)
			ExecutionOrderSort (0ms)
			DisableScriptedObjects (7ms)
			BackupInstance (0ms)
			ReleaseScriptingObjects (0ms)
			CreateAndSetChildDomain (54ms)
		EndReloadAssembly (1016ms)
			LoadAssemblies (123ms)
			RebuildTransferFunctionScriptingTraits (0ms)
			SetupTypeCache (348ms)
			ReleaseScriptCaches (2ms)
			RebuildScriptCaches (49ms)
			SetupLoadedEditorAssemblies (446ms)
				LogAssemblyErrors (0ms)
				InitializePlatformSupportModulesInManaged (22ms)
				SetLoadedEditorAssemblies (0ms)
				RefreshPlugins (1ms)
				BeforeProcessingInitializeOnLoad (101ms)
				ProcessInitializeOnLoadAttributes (271ms)
				ProcessInitializeOnLoadMethodAttributes (39ms)
				AfterProcessingInitializeOnLoad (11ms)
				EditorAssembliesLoaded (0ms)
			ExecutionOrderSort2 (0ms)
			AwakeInstancesAfterBackupRestoration (9ms)
Platform modules already initialized, skipping
Refreshing native plugins compatible for Editor in 2.90 ms, found 3 plugins.
Preloading 0 native plugins for Editor in 0.00 ms.
Unloading 3375 Unused Serialized files (Serialized files now loaded: 0)
Unloading 20 unused Assets / (79.8 KB). Loaded Objects now: 3891.
Memory consumption went from 134.2 MB to 134.1 MB.
Total: 5.356800 ms (FindLiveObjects: 0.323500 ms CreateObjectMapping: 0.143500 ms MarkObjects: 4.745700 ms  DeleteObjects: 0.141900 ms)

AssetImportParameters requested are different than current active one (requested -> active):
  custom:video-decoder-ogg-theora: a1e56fd34408186e4bbccfd4996cb3dc -> 
  custom:container-muxer-webm: aa71ff27fc2769a1b78a27578f13a17b -> 
  custom:container-demuxer-webm: 4f35f7cbe854078d1ac9338744f61a02 -> 
  custom:video-encoder-webm-vp8: eb34c28f22e8b96e1ab97ce403110664 -> 
  custom:video-codec-MediaFoundation-h265: 746d11721c4dcdbdad8f713fa42b33f4 -> 
  custom:audio-encoder-webm-vorbis: bf7c407c2cedff20999df2af8eb42d56 -> 
  custom:framework-win-MediaFoundation: 216162199b28c13a410421893ffa2e32 -> 
  custom:container-demuxer-ogg: 62fdf1f143b41e24485cea50d1cbac27 -> 
  custom:video-decoder-webm-vp8: 9c59270c3fd7afecdb556c50c9e8de78 -> 
  custom:audio-decoder-ogg-vorbis: bf7c407c2cedff20999df2af8eb42d56 -> 
========================================================================
Received Prepare
Registering precompiled user dll's ...
Registered in 0.012076 seconds.
Begin MonoManager ReloadAssembly
Symbol file LoadedFromMemory doesn't match image C:\Users\gabri\Test XR\Library\PackageCache\com.unity.visualscripting@1.7.8\Editor\VisualScripting.Core\Dependencies\YamlDotNet\Unity.VisualScripting.YamlDotNet.dll
Symbol file LoadedFromMemory doesn't match image C:\Users\gabri\Test XR\Library\PackageCache\com.unity.visualscripting@1.7.8\Editor\VisualScripting.Core\Dependencies\DotNetZip\Unity.VisualScripting.IonicZip.dll
Native extension for WindowsStandalone target not found
Native extension for WebGL target not found
Refreshing native plugins compatible for Editor in 1.37 ms, found 3 plugins.
Preloading 0 native plugins for Editor in 0.00 ms.
Mono: successfully reloaded assembly
- Completed reload, in  1.368 seconds
Domain Reload Profiling:
	ReloadAssembly (1369ms)
		BeginReloadAssembly (165ms)
			ExecutionOrderSort (0ms)
			DisableScriptedObjects (6ms)
			BackupInstance (0ms)
			ReleaseScriptingObjects (0ms)
			CreateAndSetChildDomain (46ms)
		EndReloadAssembly (1099ms)
			LoadAssemblies (107ms)
			RebuildTransferFunctionScriptingTraits (0ms)
			SetupTypeCache (394ms)
			ReleaseScriptCaches (3ms)
			RebuildScriptCaches (67ms)
			SetupLoadedEditorAssemblies (457ms)
				LogAssemblyErrors (0ms)
				InitializePlatformSupportModulesInManaged (22ms)
				SetLoadedEditorAssemblies (1ms)
				RefreshPlugins (1ms)
				BeforeProcessingInitializeOnLoad (98ms)
				ProcessInitializeOnLoadAttributes (283ms)
				ProcessInitializeOnLoadMethodAttributes (41ms)
				AfterProcessingInitializeOnLoad (12ms)
				EditorAssembliesLoaded (0ms)
			ExecutionOrderSort2 (0ms)
			AwakeInstancesAfterBackupRestoration (11ms)
Platform modules already initialized, skipping
Refreshing native plugins compatible for Editor in 3.06 ms, found 3 plugins.
Preloading 0 native plugins for Editor in 0.00 ms.
Unloading 3375 Unused Serialized files (Serialized files now loaded: 0)
Unloading 20 unused Assets / (79.8 KB). Loaded Objects now: 3894.
Memory consumption went from 134.2 MB to 134.1 MB.
Total: 4.229500 ms (FindLiveObjects: 0.542500 ms CreateObjectMapping: 0.176900 ms MarkObjects: 3.406900 ms  DeleteObjects: 0.100000 ms)

AssetImportParameters requested are different than current active one (requested -> active):
  custom:video-decoder-ogg-theora: a1e56fd34408186e4bbccfd4996cb3dc -> 
  custom:container-muxer-webm: aa71ff27fc2769a1b78a27578f13a17b -> 
  custom:container-demuxer-webm: 4f35f7cbe854078d1ac9338744f61a02 -> 
  custom:video-encoder-webm-vp8: eb34c28f22e8b96e1ab97ce403110664 -> 
  custom:video-codec-MediaFoundation-h265: 746d11721c4dcdbdad8f713fa42b33f4 -> 
  custom:audio-encoder-webm-vorbis: bf7c407c2cedff20999df2af8eb42d56 -> 
  custom:framework-win-MediaFoundation: 216162199b28c13a410421893ffa2e32 -> 
  custom:container-demuxer-ogg: 62fdf1f143b41e24485cea50d1cbac27 -> 
  custom:video-decoder-webm-vp8: 9c59270c3fd7afecdb556c50c9e8de78 -> 
  custom:audio-decoder-ogg-vorbis: bf7c407c2cedff20999df2af8eb42d56 -> 
